<?xml version="1.0" encoding="UTF-8"?>
<!-- Generated by org.testng.reporters.JUnitReportReporter -->
<testsuite skipped="1" hostname="GDC-UmeshK-LPT" name="test.executeTest" tests="2" failures="0" timestamp="27 Aug 2019 01:24:17 GMT" time="49.713" errors="1">
  <testcase name="loginApp" time="0.000" classname="test.executeTest">
    <skipped/>
  </testcase> <!-- loginApp -->
  <testcase name="Open_Browser" time="49.713" classname="test.executeTest">
    <error type="org.openqa.selenium.WebDriverException" message="Failed to connect to binary FirefoxBinary(C:\Program Files (x86)\Mozilla Firefox\firefox.exe) on port 7055; process output follows: 
ull,&quot;translators&quot;:null,&quot;contributors&quot;:null,&quot;locales&quot;:[&quot;an&quot;]}],&quot;targetApplications&quot;:[{&quot;id&quot;:&quot;toolkit@mozilla.org&quot;,&quot;minVersion&quot;:null,&quot;maxVersion&quot;:null}],&quot;targetPlatforms&quot;:[],&quot;seen&quot;:true,&quot;dependencies&quot;:[],&quot;incognito&quot;:&quot;spanning&quot;,&quot;userPermissions&quot;:{&quot;permissions&quot;:[],&quot;origins&quot;:[]},&quot;icons&quot;:{&quot;16&quot;:&quot;favicon.ico&quot;},&quot;iconURL&quot;:null,&quot;blocklistState&quot;:0,&quot;blocklistURL&quot;:null,&quot;startupData&quot;:null,&quot;hidden&quot;:true,&quot;installTelemetryInfo&quot;:null,&quot;recommendationState&quot;:null,&quot;rootURI&quot;:&quot;resource://search-extensions/wikipedia/&quot;,&quot;location&quot;:&quot;app-builtin&quot;}
1566869015230	addons.xpi	DEBUG	Loading bootstrap scope from resource://search-extensions/wikipedia/
1566869015230	addons.xpi	DEBUG	Calling bootstrap method install on wikipedia@search.mozilla.org version 1.0
1566869015230	addons.xpi	DEBUG	Calling bootstrap method startup on wikipedia@search.mozilla.org version 1.0
JavaScript error: resource://activity-stream/lib/ActivityStreamPrefs.jsm, line 23: NS_ERROR_ILLEGAL_VALUE: Component returned failure code: 0x80070057 (NS_ERROR_ILLEGAL_VALUE) [nsIPrefBranch.removeObserver]
1566869018603	addons.xpi	DEBUG	Calling bootstrap method shutdown on wikipedia@search.mozilla.org version 1.0
1566869018604	addons.xpi	DEBUG	Calling bootstrap method shutdown on webcompat@mozilla.org version 5.0.2
1566869018607	addons.xpi	DEBUG	Calling bootstrap method shutdown on twitter@search.mozilla.org version 1.0
1566869018608	addons.xpi	DEBUG	Calling bootstrap method shutdown on screenshots@mozilla.org version 39.0.0
1566869018609	addons.xpi	DEBUG	Calling bootstrap method shutdown on google@search.mozilla.org version 1.0
1566869018610	addons.xpi	DEBUG	Calling bootstrap method shutdown on fxmonitor@mozilla.org version 3.0
1566869018611	addons.xpi	DEBUG	Calling bootstrap method shutdown on formautofill@mozilla.org version 1.0
1566869018612	addons.xpi	DEBUG	Calling bootstrap method shutdown on ebay@search.mozilla.org version 1.0
1566869018613	addons.xpi	DEBUG	Calling bootstrap method shutdown on default-theme@mozilla.org version 1.0
1566869018613	addons.xpi	DEBUG	Calling bootstrap method shutdown on ddg@search.mozilla.org version 1.0
1566869018613	addons.xpi	DEBUG	Calling bootstrap method shutdown on bing@search.mozilla.org version 1.0
1566869018614	addons.xpi	DEBUG	Calling bootstrap method shutdown on amazondotcom@search.mozilla.org version 1.1
[Parent 21008, Gecko_IOThread] WARNING: pipe error: 109: file z:/task_1565706750/build/src/ipc/chromium/src/chrome/common/ipc_channel_win.cc, line 341
[Child 11708, Chrome_ChildThread] WARNING: pipe error: 109: file z:/task_1565706750/build/src/ipc/chromium/src/chrome/common/ipc_channel_win.cc, line 341
[Child 11708, Chrome_ChildT[Parent 21008, Gecko_IOThread] WARNING: pipe error: 109: file z:/task_1565706750/build/src/ipc/chromium/src/chrome/common/ipc_channel_win.cc, line 341
[Child 24800, Chrome_ChildThread] WARNING: pipe error: 109: file z:/task_1565706750/build/src/ipc/chromium/src/chrome/common/ipc_channel_win.cc, line 341
[Child 24800, Chrome_ChildThread] WARNING: pipe error: 109: file z:/[Parent 21008, Gecko_IOThread] WARNING: pipe error: 109: file z:/task_1565706750/build/src/ipc/chromium/src/chrome/common/ipc_channel_win.cc, line 341
[Child 16260, Chrome_ChildThread] WARNING: pipe error: 109: file z:/task_1565706750/build/src/ipc/chromium/src/chrome/common/ipc_channel_win.cc, line 341
[Child 16260, Chrome_ChildThread] WARNING: pipe e1566869020820	addons.manager	DEBUG	before shutdown
1566869020822	addons.manager	DEBUG	shutdown
1566869020823	addons.manager	DEBUG	Calling shutdown blocker for XPIProvider
1566869020823	addons.xpi	DEBUG	shutdown
1566869020823	addons.xpi-utils	DEBUG	shutdown
1566869020823	addons.manager	DEBUG	Calling shutdown blocker for GMPProvider
1566869020823	addons.manager	DEBUG	Calling shutdown blocker for PluginProvider
1566869020823	addons.manager	DEBUG	Async provider shutdown done
[
###!!! [Child][RunMessage] Error: Channel closing: too late to send/recv, messages will be lost

GPU 21552, Chrome_ChildTh
###!!! [Child][MessageChannel::SendAndWait] Error: Channel error: cannot send/recv


Build info: version: &#039;2.53.0&#039;, revision: &#039;35ae25b1534ae328c771e0856c93e187490ca824&#039;, time: &#039;2016-03-15 10:43:46&#039;
System info: host: &#039;GDC-UmeshK-LPT&#039;, ip: &#039;192.168.0.3&#039;, os.name: &#039;Windows 10&#039;, os.arch: &#039;amd64&#039;, os.version: &#039;10.0&#039;, java.version: &#039;1.8.0_181&#039;
Driver info: driver.version: FirefoxDriver">
      <![CDATA[org.openqa.selenium.WebDriverException: Failed to connect to binary FirefoxBinary(C:\Program Files (x86)\Mozilla Firefox\firefox.exe) on port 7055; process output follows: 
ull,"translators":null,"contributors":null,"locales":["an"]}],"targetApplications":[{"id":"toolkit@mozilla.org","minVersion":null,"maxVersion":null}],"targetPlatforms":[],"seen":true,"dependencies":[],"incognito":"spanning","userPermissions":{"permissions":[],"origins":[]},"icons":{"16":"favicon.ico"},"iconURL":null,"blocklistState":0,"blocklistURL":null,"startupData":null,"hidden":true,"installTelemetryInfo":null,"recommendationState":null,"rootURI":"resource://search-extensions/wikipedia/","location":"app-builtin"}
1566869015230addons.xpiDEBUGLoading bootstrap scope from resource://search-extensions/wikipedia/
1566869015230addons.xpiDEBUGCalling bootstrap method install on wikipedia@search.mozilla.org version 1.0
1566869015230addons.xpiDEBUGCalling bootstrap method startup on wikipedia@search.mozilla.org version 1.0
JavaScript error: resource://activity-stream/lib/ActivityStreamPrefs.jsm, line 23: NS_ERROR_ILLEGAL_VALUE: Component returned failure code: 0x80070057 (NS_ERROR_ILLEGAL_VALUE) [nsIPrefBranch.removeObserver]
1566869018603addons.xpiDEBUGCalling bootstrap method shutdown on wikipedia@search.mozilla.org version 1.0
1566869018604addons.xpiDEBUGCalling bootstrap method shutdown on webcompat@mozilla.org version 5.0.2
1566869018607addons.xpiDEBUGCalling bootstrap method shutdown on twitter@search.mozilla.org version 1.0
1566869018608addons.xpiDEBUGCalling bootstrap method shutdown on screenshots@mozilla.org version 39.0.0
1566869018609addons.xpiDEBUGCalling bootstrap method shutdown on google@search.mozilla.org version 1.0
1566869018610addons.xpiDEBUGCalling bootstrap method shutdown on fxmonitor@mozilla.org version 3.0
1566869018611addons.xpiDEBUGCalling bootstrap method shutdown on formautofill@mozilla.org version 1.0
1566869018612addons.xpiDEBUGCalling bootstrap method shutdown on ebay@search.mozilla.org version 1.0
1566869018613addons.xpiDEBUGCalling bootstrap method shutdown on default-theme@mozilla.org version 1.0
1566869018613addons.xpiDEBUGCalling bootstrap method shutdown on ddg@search.mozilla.org version 1.0
1566869018613addons.xpiDEBUGCalling bootstrap method shutdown on bing@search.mozilla.org version 1.0
1566869018614addons.xpiDEBUGCalling bootstrap method shutdown on amazondotcom@search.mozilla.org version 1.1
[Parent 21008, Gecko_IOThread] WARNING: pipe error: 109: file z:/task_1565706750/build/src/ipc/chromium/src/chrome/common/ipc_channel_win.cc, line 341
[Child 11708, Chrome_ChildThread] WARNING: pipe error: 109: file z:/task_1565706750/build/src/ipc/chromium/src/chrome/common/ipc_channel_win.cc, line 341
[Child 11708, Chrome_ChildT[Parent 21008, Gecko_IOThread] WARNING: pipe error: 109: file z:/task_1565706750/build/src/ipc/chromium/src/chrome/common/ipc_channel_win.cc, line 341
[Child 24800, Chrome_ChildThread] WARNING: pipe error: 109: file z:/task_1565706750/build/src/ipc/chromium/src/chrome/common/ipc_channel_win.cc, line 341
[Child 24800, Chrome_ChildThread] WARNING: pipe error: 109: file z:/[Parent 21008, Gecko_IOThread] WARNING: pipe error: 109: file z:/task_1565706750/build/src/ipc/chromium/src/chrome/common/ipc_channel_win.cc, line 341
[Child 16260, Chrome_ChildThread] WARNING: pipe error: 109: file z:/task_1565706750/build/src/ipc/chromium/src/chrome/common/ipc_channel_win.cc, line 341
[Child 16260, Chrome_ChildThread] WARNING: pipe e1566869020820addons.managerDEBUGbefore shutdown
1566869020822addons.managerDEBUGshutdown
1566869020823addons.managerDEBUGCalling shutdown blocker for XPIProvider
1566869020823addons.xpiDEBUGshutdown
1566869020823addons.xpi-utilsDEBUGshutdown
1566869020823addons.managerDEBUGCalling shutdown blocker for GMPProvider
1566869020823addons.managerDEBUGCalling shutdown blocker for PluginProvider
1566869020823addons.managerDEBUGAsync provider shutdown done
[
###!!! [Child][RunMessage] Error: Channel closing: too late to send/recv, messages will be lost

GPU 21552, Chrome_ChildTh
###!!! [Child][MessageChannel::SendAndWait] Error: Channel error: cannot send/recv


Build info: version: '2.53.0', revision: '35ae25b1534ae328c771e0856c93e187490ca824', time: '2016-03-15 10:43:46'
System info: host: 'GDC-UmeshK-LPT', ip: '192.168.0.3', os.name: 'Windows 10', os.arch: 'amd64', os.version: '10.0', java.version: '1.8.0_181'
Driver info: driver.version: FirefoxDriver
at org.openqa.selenium.firefox.internal.NewProfileExtensionConnection.start(NewProfileExtensionConnection.java:125)
at org.openqa.selenium.firefox.FirefoxDriver.startClient(FirefoxDriver.java:271)
at org.openqa.selenium.remote.RemoteWebDriver.<init>(RemoteWebDriver.java:119)
at org.openqa.selenium.firefox.FirefoxDriver.<init>(FirefoxDriver.java:216)
at org.openqa.selenium.firefox.FirefoxDriver.<init>(FirefoxDriver.java:211)
at org.openqa.selenium.firefox.FirefoxDriver.<init>(FirefoxDriver.java:207)
at org.openqa.selenium.firefox.FirefoxDriver.<init>(FirefoxDriver.java:120)
at commonClasses.baseClass.Open_Browser(baseClass.java:27)
at sun.reflect.NativeMethodAccessorImpl.invoke0(Native Method)
at sun.reflect.NativeMethodAccessorImpl.invoke(Unknown Source)
at sun.reflect.DelegatingMethodAccessorImpl.invoke(Unknown Source)
at java.lang.reflect.Method.invoke(Unknown Source)
at org.testng.internal.MethodInvocationHelper.invokeMethod(MethodInvocationHelper.java:124)
at org.testng.internal.MethodInvocationHelper.invokeMethodConsideringTimeout(MethodInvocationHelper.java:59)
at org.testng.internal.Invoker.invokeConfigurationMethod(Invoker.java:458)
at org.testng.internal.Invoker.invokeConfigurations(Invoker.java:222)
at org.testng.internal.Invoker.invokeMethod(Invoker.java:523)
at org.testng.internal.Invoker.invokeTestMethod(Invoker.java:719)
at org.testng.internal.Invoker.invokeTestMethods(Invoker.java:989)
at org.testng.internal.TestMethodWorker.invokeTestMethods(TestMethodWorker.java:125)
at org.testng.internal.TestMethodWorker.run(TestMethodWorker.java:109)
at org.testng.TestRunner.privateRun(TestRunner.java:648)
at org.testng.TestRunner.run(TestRunner.java:505)
at org.testng.SuiteRunner.runTest(SuiteRunner.java:455)
at org.testng.SuiteRunner.runSequentially(SuiteRunner.java:450)
at org.testng.SuiteRunner.privateRun(SuiteRunner.java:415)
at org.testng.SuiteRunner.run(SuiteRunner.java:364)
at org.testng.SuiteRunnerWorker.runSuite(SuiteRunnerWorker.java:52)
at org.testng.SuiteRunnerWorker.run(SuiteRunnerWorker.java:84)
at org.testng.TestNG.runSuitesSequentially(TestNG.java:1208)
at org.testng.TestNG.runSuitesLocally(TestNG.java:1137)
at org.testng.TestNG.runSuites(TestNG.java:1049)
at org.testng.TestNG.run(TestNG.java:1017)
at org.testng.remote.AbstractRemoteTestNG.run(AbstractRemoteTestNG.java:115)
at org.testng.remote.RemoteTestNG.initAndRun(RemoteTestNG.java:251)
at org.testng.remote.RemoteTestNG.main(RemoteTestNG.java:77)
Caused by: org.openqa.selenium.firefox.NotConnectedException: Unable to connect to host 127.0.0.1 on port 7055 after 45000 ms. Firefox console output:
ull,"translators":null,"contributors":null,"locales":["an"]}],"targetApplications":[{"id":"toolkit@mozilla.org","minVersion":null,"maxVersion":null}],"targetPlatforms":[],"seen":true,"dependencies":[],"incognito":"spanning","userPermissions":{"permissions":[],"origins":[]},"icons":{"16":"favicon.ico"},"iconURL":null,"blocklistState":0,"blocklistURL":null,"startupData":null,"hidden":true,"installTelemetryInfo":null,"recommendationState":null,"rootURI":"resource://search-extensions/wikipedia/","location":"app-builtin"}
1566869015230addons.xpiDEBUGLoading bootstrap scope from resource://search-extensions/wikipedia/
1566869015230addons.xpiDEBUGCalling bootstrap method install on wikipedia@search.mozilla.org version 1.0
1566869015230addons.xpiDEBUGCalling bootstrap method startup on wikipedia@search.mozilla.org version 1.0
JavaScript error: resource://activity-stream/lib/ActivityStreamPrefs.jsm, line 23: NS_ERROR_ILLEGAL_VALUE: Component returned failure code: 0x80070057 (NS_ERROR_ILLEGAL_VALUE) [nsIPrefBranch.removeObserver]
1566869018603addons.xpiDEBUGCalling bootstrap method shutdown on wikipedia@search.mozilla.org version 1.0
1566869018604addons.xpiDEBUGCalling bootstrap method shutdown on webcompat@mozilla.org version 5.0.2
1566869018607addons.xpiDEBUGCalling bootstrap method shutdown on twitter@search.mozilla.org version 1.0
1566869018608addons.xpiDEBUGCalling bootstrap method shutdown on screenshots@mozilla.org version 39.0.0
1566869018609addons.xpiDEBUGCalling bootstrap method shutdown on google@search.mozilla.org version 1.0
1566869018610addons.xpiDEBUGCalling bootstrap method shutdown on fxmonitor@mozilla.org version 3.0
1566869018611addons.xpiDEBUGCalling bootstrap method shutdown on formautofill@mozilla.org version 1.0
1566869018612addons.xpiDEBUGCalling bootstrap method shutdown on ebay@search.mozilla.org version 1.0
1566869018613addons.xpiDEBUGCalling bootstrap method shutdown on default-theme@mozilla.org version 1.0
1566869018613addons.xpiDEBUGCalling bootstrap method shutdown on ddg@search.mozilla.org version 1.0
1566869018613addons.xpiDEBUGCalling bootstrap method shutdown on bing@search.mozilla.org version 1.0
1566869018614addons.xpiDEBUGCalling bootstrap method shutdown on amazondotcom@search.mozilla.org version 1.1
[Parent 21008, Gecko_IOThread] WARNING: pipe error: 109: file z:/task_1565706750/build/src/ipc/chromium/src/chrome/common/ipc_channel_win.cc, line 341
[Child 11708, Chrome_ChildThread] WARNING: pipe error: 109: file z:/task_1565706750/build/src/ipc/chromium/src/chrome/common/ipc_channel_win.cc, line 341
[Child 11708, Chrome_ChildT[Parent 21008, Gecko_IOThread] WARNING: pipe error: 109: file z:/task_1565706750/build/src/ipc/chromium/src/chrome/common/ipc_channel_win.cc, line 341
[Child 24800, Chrome_ChildThread] WARNING: pipe error: 109: file z:/task_1565706750/build/src/ipc/chromium/src/chrome/common/ipc_channel_win.cc, line 341
[Child 24800, Chrome_ChildThread] WARNING: pipe error: 109: file z:/[Parent 21008, Gecko_IOThread] WARNING: pipe error: 109: file z:/task_1565706750/build/src/ipc/chromium/src/chrome/common/ipc_channel_win.cc, line 341
[Child 16260, Chrome_ChildThread] WARNING: pipe error: 109: file z:/task_1565706750/build/src/ipc/chromium/src/chrome/common/ipc_channel_win.cc, line 341
[Child 16260, Chrome_ChildThread] WARNING: pipe e1566869020820addons.managerDEBUGbefore shutdown
1566869020822addons.managerDEBUGshutdown
1566869020823addons.managerDEBUGCalling shutdown blocker for XPIProvider
1566869020823addons.xpiDEBUGshutdown
1566869020823addons.xpi-utilsDEBUGshutdown
1566869020823addons.managerDEBUGCalling shutdown blocker for GMPProvider
1566869020823addons.managerDEBUGCalling shutdown blocker for PluginProvider
1566869020823addons.managerDEBUGAsync provider shutdown done
[
###!!! [Child][RunMessage] Error: Channel closing: too late to send/recv, messages will be lost

GPU 21552, Chrome_ChildTh
###!!! [Child][MessageChannel::SendAndWait] Error: Channel error: cannot send/recv


at org.openqa.selenium.firefox.internal.NewProfileExtensionConnection.start(NewProfileExtensionConnection.java:113)
... 35 more
]]>
    </error>
  </testcase> <!-- Open_Browser -->
</testsuite> <!-- test.executeTest -->
